* using log directory ‘/Users/craigmclean/MIT/Research/Autotuner/..Rcheck’
* using R version 3.5.2 (2018-12-20)
* using platform: x86_64-apple-darwin15.6.0 (64-bit)
* using session charset: UTF-8
* checking for file ‘./DESCRIPTION’ ... OK
* checking extension type ... Package
* this is package ‘Autotuner’ version ‘0.1.0’
* package encoding: UTF-8
* checking package namespace information ... OK
* checking package dependencies ... OK
* checking if this is a source package ... OK
* checking if there is a namespace ... OK
* checking for executable files ... WARNING
Found the following executable files:
  .git/objects/00/127d9426648695d1e8358e123a408eaa2cdbe0
  .git/objects/00/1a734b705723319fe3188fac470d8bcd004799
  .git/objects/02/10e2bd0c705e1a09a911724ba68c164e505be6
  .git/objects/02/a73fb48710085f1bd828bdff8071156e40892f
  .git/objects/02/f03d25851b8ff322f49857ba646e2d80437ff5
  .git/objects/03/5f1dd85f08bf9b337d9bce85157ec5082280da
  .git/objects/03/873cba2af8190fff51c694fd24ddc914665da1
  .git/objects/04/2d630b40ed09c8308eefe5c83f8a73aa575381
  .git/objects/04/69e9a034f7479cbb435a690c3812e43f5f3661
  .git/objects/04/972ba88d64418eac04225cb7dc47572548ffe7
  .git/objects/04/a3bbbb8d891ec3cbff8d58866c8078dfe68710
  .git/objects/04/eb313044247f8db0e130793fc4b54af54f93e4
  .git/objects/04/eccc7a5437c67ae17bb46cf095581abb657088
  .git/objects/04/fd43a39d143f62564b5c1a5aa5985c9c2afb8c
  .git/objects/04/ffa9a98ddbc6fec3a08106f0e8d823edaa565c
  .git/objects/05/48f1bb9a0f483dc72d3f711bd94e1d505eb7af
  .git/objects/05/f32aad959a13472dfe3194314c21dfd3dc2e82
  .git/objects/07/10892dc51ca3c8524005d0c7cbabb91dc5ed99
  .git/objects/07/6e81d01d03d69bea6b8dfce1196197ee817023
  .git/objects/07/89d152044e8b8a364d89ad02b1f82e403cf36c
  .git/objects/07/a5c5d5d6bc74d5b1807f66bab2f2052a4a5f17
  .git/objects/07/b7128089ec1ab45cc7ac60685c6088621d6b2e
  .git/objects/08/0c967c7bde674338910b2ea261f7cea15a5d2f
  .git/objects/08/9e3c9e3617e203f18f8469e47554243bdc6f29
  .git/objects/0a/461ca4924dcf0af17ef39ceace2cf19382e160
  .git/objects/0a/91ffaa4583926b4248822fec4e6ead760eff2c
  .git/objects/0a/9a1d79ef180c6f640a8e5d14cf31e42a5eaef8
  .git/objects/0a/af9d5c0bd357746e7ca9bbcfafed4ef92f0bb2
  .git/objects/0b/6c39ff21f3ac7ec2dbfe596b9a4eba34888103
  .git/objects/0c/103a8a6cfc7f1bdc510861ea4349b2a2d64265
  .git/objects/0c/705abf86ac8fbd8015af9cba97a1ba5bd880a0
  .git/objects/0c/96066b5cbd20fd308522a31e49c03796ffebfb
  .git/objects/0c/b71adc58737b4c6d627e00ef77b9810789c526
  .git/objects/0d/6ab620dcc5170dce87c6287925b7b997bd6a5f
  .git/objects/0d/c015b7232a554a84729247c576ac35b931fb22
  .git/objects/0e/6180ca8fc26365940664b32edf1fa4711e98e7
  .git/objects/0e/c09b1f38187e383b59ae26310e7f93a253b5d6
  .git/objects/0e/cd273f58683bca5e6c05a5e0de7d8076f78349
  .git/objects/0f/91c154fcc242ca8a05a2c8a1229c4254738165
  .git/objects/0f/ce4bb1ccf887679c2e42fa64ed857098423370
  .git/objects/0f/da5b1b4c98f77fb162c21c66ec1b5af4b2a5bd
  .git/objects/10/34d3c5083a0aca0fb94963229ae45f93a1f0c1
  .git/objects/10/621cac1ca0a1376b2dd2472ba743f234176089
  .git/objects/10/c73c064d5ba3ab00a25d9d8851f8e7588f8661
  .git/objects/11/bf344fc8e1af7a3c5d530e6dc7241d39d2cb88
  .git/objects/11/cf361c1cb1acc294818f32a27c63ed02066e23
  .git/objects/11/d8a3d3a3a130ab0742f6bb9696a4c08c26a51d
  .git/objects/11/dabbd9e9b5a1084efa7e20a5cb99251d64cfee
  .git/objects/12/1fb0cd520cf93b9cad2b79a58c983accd484fb
  .git/objects/12/830e2d37b5b58f89bf549e4ae9ec6eae6c954b
  .git/objects/13/f19b363c3132ddfaae1a9225b504f2094c6f3b
  .git/objects/13/f31ed5fc057bd3108b17adbd89269c1fa388fc
  .git/objects/14/0098f09449edb543ff1ad1f98fb1364538751b
  .git/objects/15/3f49a0e436f51e4e0c545b7bce4302095038ee
  .git/objects/15/62bea2ba7144a1ec36ade05975205970facfd8
  .git/objects/16/80af8d11a529f3bf4b03144e019d8212407cd3
  .git/objects/16/8808388d5ba2db6a716ad8e387cf408e178d30
  .git/objects/17/43e40fec30e357993d33f5cb053bf027524dc8
  .git/objects/17/46befb28c3666826f0dfc0e5b3e700f3c51364
  .git/objects/17/7cb307a69ea236a8bdeed6a8abf5c6daf49cab
  .git/objects/18/09a5236004a789ca0def0fbf426ded424a2563
  .git/objects/18/70c884a1a42996e9c9a8bf874b4695b38e7fb5
  .git/objects/18/8fd8d52d4cc32e327f8e14f1691586136a1da9
  .git/objects/18/bdbfb76d8fad902fd700e6206edccfd9e98a1c
  .git/objects/1a/1f8f75f8c4e0832354629806f687f72971d350
  .git/objects/1a/91058904f1aed9a083cf50562f4ce711e0f11f
  .git/objects/1a/a2c4c22f33a57eb1e1ab5e2d12e24a04102c10
  .git/objects/1a/b71107a0f541c66af218a21275ecc7965da3bb
  .git/objects/1a/e925607472ce702f9dd78e320c6e35dd5c24fd
  .git/objects/1a/f248912d50da6492cd2a4c877684ea58df4499
  .git/objects/1c/05c706adf263bee33fb8b69017a8a655914445
  .git/objects/1c/081dda22776bda36aa0f6060619d93d740ed53
  .git/objects/1c/6de07682daa358f5b931662cd0fae064784572
  .git/objects/1c/9c6219b15a75d89684f41773a8faa52cf1c433
  .git/objects/1c/a8e16f9f123bb116ebe61b84576adddfe08f1d
  .git/objects/1d/6c4b95fe129c1e9aadff4e8ee3aa4c6b8fa00f
  .git/objects/1d/cb5b8edc5d8d887c89f50288be4e98eb9f05ac
  .git/objects/1d/d0767ed844f3057af964dca40e11d3732c4243
  .git/objects/1e/35f25c87887ecbd3ea20a23addc2427c2f4c7f
  .git/objects/1e/992373814444c7b58b5889bba29f36cbfc8517
  .git/objects/1e/df702642d72f17ffea911af4f777e2f8cafeaf
  .git/objects/1f/3dbe3ffb783e779c5963b48288747e9efc275e
  .git/objects/1f/5f51efe03751408ed93b08cdef665845ae0e67
  .git/objects/1f/ddc2bc1f2cde8144965005bc17ffb9cb321134
  .git/objects/1f/e34eb05207f313659a77a697b30442722f596b
  .git/objects/20/1c4f14252f226d71366b763d9093f4ae307f94
  .git/objects/20/535356ba66f8febbdec958a4f155e1ba033379
  .git/objects/20/8fa5a1696ace7b434abfcb4848783364614ef3
  .git/objects/20/e16327b6a3bc5595705fe559e828846559864b
  .git/objects/21/2a3731fee34da89a2b5f825bb269ecba100739
  .git/objects/21/57e451c154df119e2859943d1649394137b287
  .git/objects/21/a2d008252f5280d01ef1812f2f564b165ba75d
  .git/objects/22/ac9a56507602c2371b8fbeab030344f4bc4588
  .git/objects/22/ea63f1ad593b9a5e8774f066c85428c26fbe6b
  .git/objects/24/be196d18e2100688c09bb75bb047fcce37bfff
  .git/objects/25/1d71f7f745399ca0926f3c2069a6db534d9ddf
  .git/objects/25/413655e61c8eb27c5764a98758ccb83f132daa
  .git/objects/25/5e6ed24adf7f518edc0db7373e0c732c3ce825
  .git/objects/25/99c10b31fa0fff986183584f506ac01a04a4d1
  .git/objects/26/0158f5b356efe05b5c0206e11c45520cd34f54
  .git/objects/26/aa48c3ac311e165b098d409dd06a49df4a905b
  .git/objects/26/bab3ca31ea012bb37e4c46cbb374551d182909
  .git/objects/27/358729cf616740b1e87ec42b3c32148ceb0cf4
  .git/objects/27/3c802641793f36c6007efb6bcfbc4e3bbc5596
  .git/objects/27/57fe3ee89a19f7a819e0f3c11f9ac941d529c5
  .git/objects/27/6cc4ea1b38fcfb82fe952283775f0e2c256dbf
  .git/objects/27/bb8389e3f52f9ae6ee4786ce75b93432e91aa9
  .git/objects/28/5276d6f9cfe916bacd0bd6843378bfbd2a2282
  .git/objects/28/e04663bc68a6ec5739c1a7aed3ad87f60fc6ff
  .git/objects/29/0bf219a550b9e6a01ca03d843e3e918e67527e
  .git/objects/29/36345389a87b17aa50ad43ecc9dc5e9e15dae1
  .git/objects/29/a75ccdd4e672271c0b4f80530a47f07cdc74e5
  .git/objects/29/c09af39035c1e433c3b9bd4a5454a016260ce2
  .git/objects/29/f01f594b2447123fd3fe42b8f6e22dba1bf7ad
  .git/objects/29/fb9ec4f6ccdd75d06cadb913908176e23e4e64
  .git/objects/2a/34f6284005585709a57e3c37703c6490375104
  .git/objects/2b/12eb375193a5b6015eff64b61c7551cad64e88
  .git/objects/2b/1bef112ac6921abda6162a65dbfcd8c6d55c80
  .git/objects/2b/bef528423874ba1548a0b311a0a6a546805f3d
  .git/objects/2c/22116942e19838aae98d0189f523eb43915ce4
  .git/objects/2c/262c2dfed67f5bcb956b50aadcbf1a5f50d5cc
  .git/objects/2c/74ec3359d9329bf2fbe0214b759ae8e21ca875
  .git/objects/2c/bf8034ad44f8c5c3c09f9dabc1b58d25d5c28b
  .git/objects/2d/09c9b1720dbe5dfa87b32f2cbd2a740023b400
  .git/objects/2d/5c9857e0a8fd8231779738616008bd7258c4d1
  .git/objects/2d/7eb882d7a92a418e9076117f6f07bf9e1fc1b7
  .git/objects/2d/eb20050951acdb76b394efb9128173003dafc6
  .git/objects/2d/f673846ff8953bb039541c572547559fbbc7cc
  .git/objects/2e/038e5b66721e02455038dcc5e510c4f7e24419
  .git/objects/2e/287ca945e8e5d8bc847f9ea39444353d371399
  .git/objects/2e/597eb903a3311a6eaf61a2ae53781a1ac4d68a
  .git/objects/2e/8436803e0852d6ce985ff5a96a0f8e9f2dfa7e
  .git/objects/2e/d747396282a0189ff9ae9e414ea5e6914555e9
  .git/objects/2f/90b06c530fdb1ce7d7bb580401b1bf00a548a7
  .git/objects/30/6b2bbfb0c4d301dcbf57d062fc5e43cf3fa2a6
  .git/objects/30/92e3b1eb663bf4e4a09bd9a2f480bded903383
  .git/objects/30/a6d84c749e59bd2f0cc190e765e9e4936be09e
  .git/objects/30/b7c7c4d78c14a1fb92a84e8f595d37a0089954
  .git/objects/31/3e8befe0a4ba74213b926cd9072c240b3c5669
  .git/objects/31/587a109e2446745d9a8c6483234b41f845b9e2
  .git/objects/31/b9a583e78707bd2d90879c04176a9cbe52a041
  .git/objects/31/d094f978a079756388f21eff6a6ffca2ddb503
  .git/objects/32/1a12a0f11b9eb439914fb45ac06f2359bf0950
  .git/objects/32/49574fb10b23a53547595769fe33dcbefc247e
  .git/objects/32/71740ece4eb7b4089a51d0549dd23950227162
  .git/objects/32/960f8ced39dd5eade0f15d41e275b2dc8d4c70
  .git/objects/33/15bcb9e8437fe4b915801c79a48f1ef1a8e34f
  .git/objects/33/659a8e707667048f2d6f39b0674793085c2272
  .git/objects/33/78f58095afb41ca194e35036de1ab34c8876d6
  .git/objects/33/b4a2518412ead1d74ebb08aad6b5fce0b83a7f
  .git/objects/33/e181aceb2349f9ad8ada24f3a06dafdb415393
  .git/objects/34/35aa5d18956e064dc3a71e3d72f5b81e56ac18
  .git/objects/34/42f23cd31d5dfb4372ac4f986ae734ea695291
  .git/objects/34/67a266c2f02909615bf296fe03872ba03ceada
  .git/objects/35/c49cb228c3e5a84d4691efac1aa328991edd1c
  .git/objects/35/d59b82044acb94de8d30db2f8197bf05033404
  .git/objects/36/022f410af818ab67b420fbb3c14fafb476c49e
  .git/objects/36/5f1d05b4c06c523b7cfbf30c03b5779993cf93
  .git/objects/36/862fcfeccc0052f218fede49308bd1ffef88b8
  .git/objects/36/a87082d706494c7d707f0082960cea01737333
  .git/objects/36/dcb4b888325a30d2b714a2676411819b3dd10c
  .git/objects/37/0b6e094fbaf406a700edba69e8b4de1c966d56
  .git/objects/37/27cbb4dd734826cebbb6507797196ec6cba13f
  .git/objects/37/6b7b69fdefda67988acab9cceabad4d074a5aa
  .git/objects/38/a553e1342d6210efd140b5f268f07281c3e296
  .git/objects/39/339a17accdd3b01c2cd5cef37d9cbeb73f1ec9
  .git/objects/39/40b5f8c86a2b61750fc0f38a2587689653b773
  .git/objects/39/4f30d5e3901cb49d04fdc1309ea1a71377e76f
  .git/objects/39/5e0d33cf171cee0ce3e71b3fc399079af5577f
  .git/objects/3a/4b6488b06bddd28228434bf2ce4df4de480544
  .git/objects/3a/d45da21c2a2e8baa2ce2970454f1d3f9f9bd13
  .git/objects/3c/5ca4e1077b0b93c7195ac109233f42645d2801
  .git/objects/3c/8561fc3b2cd32499bb0da9c0cbea9dabc73bc6
  .git/objects/3c/a0df0eb658a26f0d4f8a5fd05d64a75de932de
  .git/objects/3c/a9610a383876acf8fe6d61a9614c810cea8632
  .git/objects/3c/cd322254d713ec063e454e5fd05a5fb9c5613d
  .git/objects/3c/f26c3e0d7fe03fb6fcc37586a8c7538c889287
  .git/objects/3c/ff945c9a4061775e1ce4b4e39d5c8bdb80243f
  .git/objects/3d/1939b0c4d6f2bdb50bb510636dea3d33ebe368
  .git/objects/3d/43eadb8b086a2077b6cb6d94d43ba95a5044d0
  .git/objects/3d/5a843b3031e92021cb5c36afc31af38fa98cda
  .git/objects/3d/5c50acebd8ae74eff5a18e2f748e5f8fcc179e
  .git/objects/3d/7b528b285793dcb7e9030541382a427c5633a3
  .git/objects/3e/543918552256967fd15a149b9f3ad5a2c8db28
  .git/objects/3e/57eda7c34146b8dac88212a28f1230328113de
  .git/objects/3e/b507b3b7673752c5fcdc0c6072023af93d1b7e
  .git/objects/3f/17256db5a2d059f061e7a73b9ef1ec527539a2
  .git/objects/3f/2ff2d6cc8f257ffcade7ead1ca4042c0e884b9
  .git/objects/3f/52c89a50cd23212be7bf964240f9089cfa0758
  .git/objects/3f/ab5edc50f7695dd4c97abe7b8fde98f9c79376
  .git/objects/3f/b618a946bdd5f20a7b74ee1ba2853ecc36e0ee
  .git/objects/3f/e69f9362667c16582d7ceab9972579f9b2e6f0
  .git/objects/41/5f2636f20601f84301f0b15c8a29e49510e9d2
  .git/objects/43/2d724f826ba33f0c40dabef26bf77bda88e029
  .git/objects/43/d63114a542db14a1983a4935e6bdc14197551a
  .git/objects/43/e641ba5a7f85dde74714579ba04664babfd4f5
  .git/objects/44/606ea1b7619bfe4d6726563c08331f297dcb05
  .git/objects/44/976e38e1a549286941b5fd89f0a91adfb40d00
  .git/objects/44/c93ba828f282d7da8d71b11eaea2d87d0c3694
  .git/objects/44/d1d35ddc37def5b4efa0820e20cfc3797e0c8e
  .git/objects/44/e6ae0da20e167631a067cb101423407aa4f39c
  .git/objects/45/484230ffa103d8eeed05233f30eeacf780d1d8
  .git/objects/45/8b7d132eadcb9f888df9dfd4ab8d1d1cb82d69
  .git/objects/45/ede6cdf3a8bd046dd853223010f54b0cb95f3b
  .git/objects/46/0c60899a1ea611c1e4e3ac8d65e91312e7cf41
  .git/objects/46/41d6bfa131c89d08df2932e20d7432980db38d
  .git/objects/46/b604f7f2488314a71f0704a6a555704f90d069
  .git/objects/47/8da67cbf621fc23c4c59a97e668a0a0921ce7f
  .git/objects/47/97234991592600ddfd6c87ee9419deee209654
  .git/objects/48/0f49adc585e253d09f2ce8cc4f623ac9db5b30
  .git/objects/48/53640a857ddf9008ca9ea350e54896f5b62536
  .git/objects/48/5961ac46e42f750a57d4a5d401ebde216dc3bc
  .git/objects/48/927344dd0bf8e77a0154b82fd0eb5ed03cd0a3
  .git/objects/48/b6a2896ab1042e6341ccd2fcd4a74c802aa31d
  .git/objects/4a/01c21ab1f6d403b1f5abcc76f03a74a66ad9a2
  .git/objects/4a/0fb765ea2052ac5e2ae0756ef028dd61c5e9e5
  .git/objects/4a/7cea932a764557780622c26ef79598d5b4137a
  .git/objects/4b/8d02c25a5715ec5b54d988b962925e36bde047
  .git/objects/4c/7bd16814315b8d49afa46358be688a1c5b2899
  .git/objects/4c/8cf5e574f0ec09e6be13b152d8e8153ecf3eed
  .git/objects/4d/3ebcf6463a7aae60a7701d6b38719671b0b339
  .git/objects/4d/84d07a8849739d9a665a6ab1d7b6988faf69d8
  .git/objects/4d/bad58aa1547bfe425925078f906e251f3eaa4a
  .git/objects/4d/dff262104e3e590702c89b96f7df1aa17929ff
  .git/objects/4e/7bddb92ddf4bc45ff07707cd4a5fe16e810cd8
  .git/objects/4e/8740cd8b81b3e3cee23d2c564ec0c722cfa023
  .git/objects/4e/b1c41469aee68fa32765071db7f3cc3524fe8e
  .git/objects/4e/e9e8a5f25c71e03f6915d65e173ece6b64f8c6
  .git/objects/4e/ffc3631f889b96c149d4c0d76105f25e0a34e5
  .git/objects/4f/48a99860749e67cc318b52544eb5cce1ad9b26
  .git/objects/4f/66b02ab4d34e81afe53f7121e62076676360cc
  .git/objects/4f/be3c40830a4a3f3788e05582ad01ee18d5ed0b
  .git/objects/50/4153d1e2635f5c7aced0cbb4e5f22a5ddcef5c
  .git/objects/50/68c60e51bea307ab8b5429d9e128f6a21c20dd
  .git/objects/51/bcb89742b670c7a3fb886bc8a1bcd79c9c39ed
  .git/objects/51/bdd7b6826dd4fca8338a0cd60b34b2e85b44f9
  .git/objects/51/c861f2b5f8ba629e7b0192d63f3628c3a8d463
  .git/objects/52/c83ac9ef4f56d643da838ae1b1d47069747fbb
  .git/objects/52/f0bbf0fbb8682e2ea5720651dbd7c31cd59149
  .git/objects/53/785e1a3e442a3d6dc757d5b683614a67a22938
  .git/objects/53/a5b44b6989c7b574d60a235f5177c4935cfe88
  .git/objects/54/18637e6da819eecf5aa7a3eaf39fe7c3e5ec2e
  .git/objects/54/1d53bf56a4e3cbed804fb618db48b0e4e43f04
  .git/objects/55/28aea2ba53c044f500e2c6c10b5679ec78cffc
  .git/objects/55/4fd2527a1e5be3576f2665ec9969ef225f033d
  .git/objects/56/443a235516d586b6745ab26b466d5413064fb8
  .git/objects/56/935bd7c76e69b02771864b05f566b24dc53ee2
  .git/objects/57/b444de0de36c95fc6bf2b1618ddb2b11ccbb14
  .git/objects/58/b13402ecf6ea9a283ae04a8cea63d127185838
  .git/objects/59/44bb62fb78b4bb4054b0f5ebc4646a2e0f1340
  .git/objects/59/492c05b90969f6b4f8a6b1e3d66fd15438d0f2
  .git/objects/59/c432f0e8dfb58f2f43b74843b48a24aee4ee47
  .git/objects/5a/54b4616cb9c9a3dd3fe89fc3873e8728c2fce2
  .git/objects/5a/a12d03878fdb9708bf13b9eb18aa1b6ff1bc0d
  .git/objects/5a/b831a1f46a0a41050582067190f654f0045518
  .git/objects/5b/0c7868c788cfbd8f1c1aa0f7de2ec408884631
  .git/objects/5b/6a0652566d10360493952aec6d4a4febc77083
  .git/objects/5b/6caf05849b4d240b7bfbb19e73f7983a5379e9
  .git/objects/5b/e19e7a46062b8ee0c396e995f033c8e6fa28ac
  .git/objects/5c/069e6767e6a8e09430cb8c1b6e3b375f0d0180
  .git/objects/5c/174b58ea74ab20a7a51dbbbbdc871e1b97ffa9
  .git/objects/5c/d75b7e02560213c80d60813c188c30366992cd
  .git/objects/5d/ad779ce42c7d80ac91e0c0307bf2d89bdcd326
  .git/objects/5e/52ac52ac29f7c871f31ee1e9ed9746efc66f97
  .git/objects/5e/6530e608312f1e5c1438f72cd6c1cd927278dd
  .git/objects/5e/9a5635b05181a1eae9775313a05d174a7ba932
  .git/objects/5f/0113aa3bd1df67b77b8f45eaaa8d3485e16b74
  .git/objects/5f/1255dd019f2cde2b819eb85d2bdb88e7f9d8cc
  .git/objects/5f/84f77eb8718528eb7286dd7fcbe6426bdec94a
  .git/objects/61/68b0a0e22df6dd3c9564c5c83df993b91336d3
  .git/objects/61/8a8a076817fdf27719e92eefdfc3be8810ee7f
  .git/objects/61/a99a29273172b9c979cf4e552af8d0271bd2cc
  .git/objects/61/d7fc4c100c0333774afc6d9490ca77f640a0e7
  .git/objects/61/df5a7e8a99ededb8ddf8946c6af13fd800ce0d
  .git/objects/62/566ca5f4b4e0fabd8004c88acd68d1a639d624
  .git/objects/62/bbfdf884a2afcc7ec6a7bad516f57e5a80a4f6
  .git/objects/62/d415ae2c32bfcb1dddcc8d1cd6628db24eaa20
  .git/objects/62/d4ae61efda168c39cb2861049800230fdfa34e
  .git/objects/63/05e74cf27088a5793675f9064f1d4062b222e6
  .git/objects/63/14bf0bb35d323bda71887c005912aaf08b48d3
  .git/objects/63/66daf46769a0da4bb429c2c05e5aa2cfb51754
  .git/objects/64/7423e0e15d21399e5341d5da24b2ce70eaca06
  .git/objects/64/a901a581114fca5500af2ed8b0cdc6cdbca35d
  .git/objects/65/579315f34f18f1a8bb1d38f9c5f5d4fb122809
  .git/objects/66/b6e54a656ec736b191404ad7a859fd5dd94997
  .git/objects/67/083c2abdf082fe73ea99bcb52c6c722f69f915
  .git/objects/67/41d610d1d45c728e43b8383474e17edbddcb4b
  .git/objects/67/520ea29b2c5ab2316ae69cff0debdfa83e5423
  .git/objects/67/84c7b17e95a4588b0d1b666166c4ee555561a5
  .git/objects/68/29e7990f00ee78377f2fb90d32619fd007a6c3
  .git/objects/68/3f8f5eaf0db9bddb4f2831f55be4d208ca95f0
  .git/objects/68/6845cde965972b008e3d09da54ff920a639bbe
  .git/objects/68/efdd82ab441e70d48bdf2c4cfa35afacd529bb
  .git/objects/69/1e8138d5d51b47bfc737f74914cbd2b0347947
  .git/objects/69/3ea1744efe0be4707fb908de5885e692fde8ed
  .git/objects/69/60b2de7c0c428f21b4341e5bdb09f74d78ec3e
  .git/objects/69/87027c1a4af54102d918b5b2f6c4c79101d843
  .git/objects/69/8d4030a9ef7dbe61d73456bc19b87f2f3413b1
  .git/objects/69/b8b368015a75e63847390d86977d404636e819
  .git/objects/69/da420c7ed3d68b05e2fb6426ef8302f3d12361
  .git/objects/6a/169ffc883284c63ddab9e16319050918a068ca
  .git/objects/6a/5dc8888a4bf6b65635c52aa5490e31f4b13dd6
  .git/objects/6a/aa587cab8219629b08e0018c61d8fa354ea5b5
  .git/objects/6a/c75c30fceb6d1dfaef3a7a97872c156ac85406
  .git/objects/6a/ee6a3a07b461f1da27322cc4a7f79c66a29b43
  .git/objects/6c/83476f0afbc273676aeebc110bde3d11b21d29
  .git/objects/6c/cc5b2833e8e2711257da65ceb991452c61b644
  .git/objects/6d/0d6cd6e64dd227578d808b84baa205fe5614e4
  .git/objects/6d/82428f717da327fc5c6b23808b95a3bd0c0d5d
  .git/objects/6d/875eac74b39c0ca92854ab7f86a0aad25c0398
  .git/objects/6d/9488d0926882f1bfa9d2706433c37d32676adf
  .git/objects/6e/04ce01779cdebab3af5766009ef571b970a3f6
  .git/objects/6e/e185bacec60f264628202bbf713070cb8e6d53
  .git/objects/6f/da3cd03329fa55bff2e17bbd6d6c5426e25962
  .git/objects/70/829f67631c05a34ae267bf4377c69a6b3ef1c1
  .git/objects/71/075b5ac084a41537edbc98fca10b06c32552e8
  .git/objects/71/4e4d65fd364f6188f692af3d12234ff0dc6d40
  .git/objects/71/57f0b71aaca2dfe709ebb626156f1ebe146d93
  .git/objects/71/58d763f2ab800dc81600d41ef4cd304dcc2d84
  .git/objects/71/71be6298ceeeb98d4c5143f58f7012e6eb29a7
  .git/objects/71/c1321cb96ec05fa7475714b40d045d09ef06a9
  .git/objects/71/f04e40bf5e0fc4cf53bcc8d994c338ba3da84d
  .git/objects/72/46d72e179d227a68b89e1b049a6375fff618bf
  .git/objects/72/56702a799b00a971086c0efe6af366230dd758
  .git/objects/72/61930cbbda6cc0061c773d7f49fd7e9f004d0b
  .git/objects/72/dd562179d276cba029a514e77a479c14589385
  .git/objects/72/e2cde0b66fc05d52dbcd1448604e343946df5a
  .git/objects/72/f5fae30ea699cf3464649a1fb841614e347b1a
  .git/objects/73/1787d925087c6fb9679c48260b837588c0efaf
  .git/objects/73/2aa56e1e5577cd645a8b9154c969db444f1e97
  .git/objects/73/855f3ca72832334da1509b89859b1c25f7b6aa
  .git/objects/73/bfe0119e5b40bd6ed04a18b80fe2c1379f2362
  .git/objects/73/ead01beb6a809ef60a6c7b20646b20e929e968
  .git/objects/74/23bf2440600148f9bcd19d33defa2440197d59
  .git/objects/74/700abe703e8f89e67d42d840ba5652623d148f
  .git/objects/74/c2d0c9ba2d7558a9d8fcb0463202f9d2fd287e
  .git/objects/75/8b2aedcd620b6a0f00636d4d7d715eb1adcb36
  .git/objects/77/72cb472f4d92d1e2149832db623f64eff03373
  .git/objects/78/866652831185dbe2d4f6d9668945e125ddd081
  .git/objects/79/1ea5eace293a2bcc6cb17dcdf86cd7adcc219b
  .git/objects/79/44e5f78179b731719999e5ac6cc95b4880394f
  .git/objects/79/863935e7a3528f247da4bbe55bdcf93cd57bd6
  .git/objects/79/b4d31045677da462de0d2c26238573782860c4
  .git/objects/79/e6bd7da1d43b3b0f75dce712e6b87cee7a393f
  .git/objects/79/f49fb2e2986b8c85d0c7ca508ec1b1b66865fa
  .git/objects/7a/02b3f1c707df41ffd5edc980b7fa5cd89f0ff1
  .git/objects/7a/73a41bfdf76d6f793007240d80983a52f15f97
  .git/objects/7b/0f6a7af17ce3272454b48f9f43d8a6a83a7a48
  .git/objects/7b/60d1fae98f46344c48d5e1762cf394c2ccbc9c
  .git/objects/7b/6419fe95cdcbc7ed7969f3b6a66b7766b283da
  .git/objects/7b/96b413b958be13a2ada6a265bd300a91dc89c1
  .git/objects/7c/21577f4dc648891d177e2a941c0fb30c1e6689
  .git/objects/7c/cec6807f8cced4aeb332e219b7422ab12b809c
  .git/objects/7d/246adeeff778110f3706a21af296ec86d5d968
  .git/objects/7d/766dddcc56ccfea7497c2da113bae233c3c460
  .git/objects/7d/7c6210499db2e699ebe88a1ae16136b59e4770
  .git/objects/7d/7d4583c52431b393069809b196f730dae83e79
  .git/objects/7e/37b95c81fac381338bdb80daac606c70427725
  .git/objects/7e/82224d2fa04e12799d753c93ef6e6b9f4caea9
  .git/objects/7e/976254f22da536d981f2630e33ac6563a1a710
  .git/objects/7e/f362b4085c638d22f4f8a8165b22cb66b67b8f
  .git/objects/7f/2dd3379ec2e29511e5a7efa17379ac08db7112
  .git/objects/7f/63d3f5432d9a22908c3ffffc352946024b8169
  .git/objects/7f/83d9cfdecaa7466a548e5a4c75abd39d4acf45
  .git/objects/7f/854eb7e53863ac19a524c3185af3cfc3d14409
  .git/objects/7f/a18bb57140923a82e10748fc656568ee59df19
  .git/objects/80/0a381120b810b824d03d18e1a81360efc5cbd2
  .git/objects/80/36750686b83c9dda629ef9c07ae9bd1a95213a
  .git/objects/80/ad8ecd5773a53585ef5f564b6997b46e4a8c09
  .git/objects/80/f8d803dac70a0512ff4e3c41c40b4c21f79b87
  .git/objects/81/569c5d175a3e079b070c924e9b5655bc0843ea
  .git/objects/81/c7edd0da0f9f35eba5cff9c73a73a0449ba4a8
  .git/objects/82/24be1642f56867fc5aa6ca4f770ac11cc2db21
  .git/objects/82/2cc19a6379771762354e4816b0d26a56c3cd1e
  .git/objects/82/902d46d468b4ad04073e21a23300cccacba8c4
  .git/objects/82/b6e44a4c861fe77e7fecfa59f2a6d3e42dfbd1
  .git/objects/82/b6f952ab8179439c91f553b7da4930f4d044e4
  .git/objects/83/5028dff275183d08408c56c26c06c29d8e9bc3
  .git/objects/83/9910cc981f89e2a130c698c8971bd9f645642e
  .git/objects/83/a91ac5227c3a1bf71c16bc72761baf938da12d
  .git/objects/83/fc8864ae96ab2c5dba1007360ec82d7e9d8d6b
  .git/objects/83/fe7df6f708d3b3bf9b202233a8c4727a524a37
  .git/objects/84/1f2ea7f7f03d8f3323759549d0240080aae5e3
  .git/objects/84/3f26249022dbe4375b14aa520722cdeaada685
  .git/objects/84/ff43cf9f3c955d198720b5a85216a2c83a4036
  .git/objects/85/0769c2744578ba49569d0bfa850d1c5652b991
  .git/objects/85/697b3701a1aa0ce859e2bac878ce213c058e64
  .git/objects/85/6dbb5edc5db6e92fd08ca82118e1fffb2d7ee9
  .git/objects/85/92091315f5da2a418f2a4e2c73ae66ce1e1ced
  .git/objects/85/9b52e0331f4d6d4ff8be7c434058392ad5faae
  .git/objects/86/0e4809744db6b69ed0033a454dfefb919e9d13
  .git/objects/86/83fe56ae7016ec0587fddf7eacefebb7fabd23
  .git/objects/86/a7492c55808eefef5031da69e3f112bc5877fb
  .git/objects/86/aa48a9524a7197309283c03f4558d08c398596
  .git/objects/86/fcfeead37a951460885569855f048c97f200fc
  .git/objects/87/2dc5782a848b3fa345e2d06c50b265d2de1425
  .git/objects/87/6922100a12b63074b12a41b16f54bab8185389
  .git/objects/87/70d37dcd80b5c6030beacd05308436cb1e3747
  .git/objects/87/7426e772339e2886a9b73fab6df7b7e5d0498f
  .git/objects/87/a3b961fbf71837dd15a31c7d5cac65d9163067
  .git/objects/88/37f358ef2e085a91bdaec424261aa5bbb6dec9
  .git/objects/88/7a49feadd61d1c54821221bb969891f5e71c2b
  .git/objects/88/f75b78222d5d2fffb8fd472b565304c10af6e4
  .git/objects/8a/12814b1d8a8c69e14696544afd599fd5ab3461
  .git/objects/8a/d812d2c2f0a60dce80bf4dca4be3dc55030c8c
  .git/objects/8b/73c3bb87755e0b2d3f94a47f58826c3285134f
  .git/objects/8b/8a6eb6f137214c4ee5f08e5fdea118173b9b65
  .git/objects/8b/cd46f0629e46dba5a6b5744b8f155950334919
  .git/objects/8c/33319f4d27fb23e5aed3e7edff0da6d3b07eba
  .git/objects/8c/7881d9409fc46ad5f849f82c6d986a802f3832
  .git/objects/8c/8c2b6bdcff8f206f31cfe670bfd08cc256df5d
  .git/objects/8d/0189b0169e87bfb1e08b66f82ad68d251f583f
  .git/objects/8d/6176c8d20428eeec968484ba8d53b8d107ea09
  .git/objects/8d/d4686ad47d9e151b2c13faa6451a912086556d
  .git/objects/8e/7a168ce4d07b50e494784adebd0e645e03b76b
  .git/objects/8e/7e0cdbbc41700d0c6c8ad597f2410cf8f7a66b
  .git/objects/8e/a4e59f9162cd7fb87d03845067ac77d41643e1
  .git/objects/8f/179ced1e0c0adbd087a0a4f5c4f2fa84c26e9a
  .git/objects/8f/36b6cc1b9cfae27678ce41c2f385032cd40baf
  .git/objects/8f/69ad93253ba33f43da406e5efdd86076b5bc3b
  .git/objects/8f/84368718c007648e3afac46b4ae6dfb473cc1c
  .git/objects/90/48ee7548f5086a24e380e16d4df37dfcc0ca4c
  .git/objects/90/813dc2b111ec91d45ce14028dea127071342e1
  .git/objects/90/bb801619aa5704c11a12fa3ddc317debad07db
  .git/objects/90/e19a4df7ae36e18e183aab364d693030c777bd
  .git/objects/91/114bf2f2bba5e0c5252e75018da19b869776f1
  .git/objects/91/8d77b358c8d60ff34a1bc0036996e9234ad490
  .git/objects/91/bf030440f9eea494297a016594c4f99f32f712
  .git/objects/91/dede4b1f21a290d90d199b90e21fe390a2545e
  .git/objects/91/e45e6dc93427216384641406d35cb59da794d6
  .git/objects/91/e686062c73c65af33634b71d2679d4542a2edb
  .git/objects/91/f53b841edd3c94d63073f0ca751e7e3b642aee
  .git/objects/92/51450edaec314585c6ae7f6431a57f4f9b0795
  .git/objects/92/a49bee6c452d9a9d63946ddb24850fc9ce3da0
  .git/objects/92/a8602b9b91b8854c730de83754965649ac0913
  .git/objects/92/ca20d705389946927ffebfdfc5cf62f5bbff2e
  .git/objects/92/d3d08b21116105a56714ecfda4eed1144d8950
  .git/objects/92/ed2e0a7db027776f72c1bd00d7011695a28e29
  .git/objects/93/18f633a11172234a65475d09216569411e08f1
  .git/objects/93/4434767adee4f8917f810865757917a54e5c60
  .git/objects/93/cc1b28461add0d09f2595168e68212ac0c8a79
  .git/objects/93/ee5d3e9e1ca40426f71ad16ba25238059e147c
  .git/objects/94/6cdf119a4697184a1c369e2a0118a3a359f682
  .git/objects/94/a0bbfb2e6e425f9a18c6d1c79a5321068c7495
  .git/objects/95/3f0c16f2bdcdca584844467dac9d06bce02126
  .git/objects/95/709b04263e4181a5dd6a22fbb2f1125c612121
  .git/objects/95/81a75f9b08c4bedcb03fd9125d41a0805a6d22
  .git/objects/95/d32b52eb642564d0f0ea5df26c891b370b411d
  .git/objects/96/0d4ff64766fd90a4c8f81232113e5abbedc174
  .git/objects/96/262dc9cd2b79214c095cb55714a1d9d1df846c
  .git/objects/96/7f1fdd949555b0abc248a7bef714b67becb407
  .git/objects/96/bd7e3d9c44ad51883eed72302ff2562bad5bc3
  .git/objects/98/20ae3031d7393167e6f76b08b16f577d002c8c
  .git/objects/98/99f65694aaa356cbef4f19f1da47bb0088f57b
  .git/objects/98/b1c791067c78f74a67493405f039c1ee539991
  .git/objects/98/f5168ecb88dcb9b883f199efb9276f23a86c3e
  .git/objects/99/4c8ecef89127eeb613505e323c7d3842f76d0d
  .git/objects/99/7db96b359c3abcfc0e300aaf49ecdb1c42c979
  .git/objects/99/881d1263c564c6151d80905bbc1afc81f17375
  .git/objects/9a/5b36d86a34dbf769cb2b9da684188b72712907
  .git/objects/9a/7085ceaa595b0cf62b4d9c02c2813630541de1
  .git/objects/9b/b721188680ed76748a414cbf35b31ba081ec85
  .git/objects/9b/f29a8baf8824cc5415cac7fe1ecfd7e54989c4
  .git/objects/9c/6909c6a2a5b26a16d3caf3e2887bd3a5526240
  .git/objects/9d/0c8beb1ac17eff981ea700dc47b940b2433400
  .git/objects/9d/623a0008975b6143096be96491a15bd4d1dbcf
  .git/objects/9d/e4f6f7189b8de1bd680d7215283f856f955d5e
  .git/objects/9e/63a16c9673d0ee2adc8de24223957d102f5892
  .git/objects/9e/b7a31c866dd3b446392c569f165716223e3219
  .git/objects/9e/f3ed7c29de0c3e83437fc87f93ec7ff4e55285
  .git/objects/9e/fb51b8a1909bd877dd72ae8a1c4625f8307e36
  .git/objects/9f/0fe538553e8bc2b652f541a65023172f66c3a4
  .git/objects/9f/ebb7c62688bc8202905343784eb3fe62e87524
  .git/objects/a0/55b56501391e0d6147b95b0fb2a61a177e17aa
  .git/objects/a0/637aeee7c1c4600d2c60ac98eb2dd500c9cf00
  .git/objects/a0/8e247d1f42e683dc03d34ffb18a0049d6d542e
  .git/objects/a0/d3671577817a6afd7db8f149235c0754426ab3
  .git/objects/a1/2b1a2e894992f33f9203f38e95907fdf88a1e5
  .git/objects/a1/a9224804fb7edbdd592f60a0d4aec7683c6ae6
  .git/objects/a2/3ad5cb8ef6b480b58ed0a4eb1ab6411259b617
  .git/objects/a2/86a74a8e2664db389565b3f09fbdaf6ed4e725
  .git/objects/a2/96b7f0a21f147d11421e5ff44691d6962e7011
  .git/objects/a3/4e85d0a1b841178ebfc72c11137d61dbbb7c4d
  .git/objects/a3/b46e5dc1787357ed8ee179b8ca0f2a1d4c23da
  .git/objects/a3/d62e5e09aab3e990132a568fc3ce2695d54b01
  .git/objects/a4/30da2619eeba3cbeed474213e34da788b5ad01
  .git/objects/a4/582e95c99fe4538675b721089119b76853dfa0
  .git/objects/a4/89c3bf60b47d907158615cbec358295b255bd4
  .git/objects/a4/9b958c2440286854c7d8be8426ea6bfc0f17cf
  .git/objects/a4/a0b9e2c128ad0e26103a689448768882d9b5df
  .git/objects/a4/b173fbdae98275779ed6e0d373da57710b8d0c
  .git/objects/a4/f0f07ddfe3b5df0e88656dc1a826d2c930b3a5
  .git/objects/a5/cc4e3694739db8c91ee8221a5cd9cb8f0b9d55
  .git/objects/a6/48ce15024d819cd4bc35bc7258a053e53d1e1b
  .git/objects/a7/467d9d8848830c9f745b532d629c30decf5c6f
  .git/objects/a7/b054a514fec31960d0d22270bf05ea40fd3afd
  .git/objects/a7/c8eb285106932a1a556cc3f8ff52abd7342d6c
  .git/objects/a7/df7aadd705d9bd56063355683b29e9bf633fc3
  .git/objects/a7/f9c476911692aef303c2423b20ef7dd9591c43
  .git/objects/a8/2b1b18aa83ed845f81f76aa3f44461c9af9720
  .git/objects/a8/896634aea12203101e59556b502d7c3e7e84aa
  .git/objects/a8/8b23033e10d4ec6f418da70a81f87bc14947c8
  .git/objects/a8/9e1267db6cf568fb89810ffc920d555aff5c67
  .git/objects/a8/f937738068ea9cc5edc0a37a42f7c1002f9e57
  .git/objects/a9/630f84c357777065965472fbecd4410d2335b5
  .git/objects/aa/74b0035595708176e08dbb4d62f7dd813b8a3a
  .git/objects/aa/dc20b88af3383bbf903911fb666fa79a003ffc
  .git/objects/aa/e6c59b0c8d382926c65e3e396bc1fb91a91c14
  .git/objects/ab/5fe9280f6f527f5d254a5a5e6fa8c8ef692dd1
  .git/objects/ab/c9b13efd2ed21f0ea0c5b0f8e361966f044cd7
  .git/objects/ab/f18a79cb469c2e7ca05fdc6823f56185e0254f
  .git/objects/ac/00f1a0e33dd8a4923f25de05a1f9296ba88317
  .git/objects/ac/5cbea64c6b9f76e73dbf96eff07a19203eec1f
  .git/objects/ac/6005d091e7d70739bdad663db895989949c0f8
  .git/objects/ac/6789af5fda4a339f0e485007d5be6dc747a581
  .git/objects/ac/dd3cb0215afa26973789f55ae96119561bfbe8
  .git/objects/ad/5d3b923edfd819897580b0799c5e1e28668184
  .git/objects/ad/b1decd96642afd470ebc0cab4da46776ebba3f
  .git/objects/ad/c191a46e5524451b8a06ff19ffb5a8da1024b4
  .git/objects/ad/c677a1092b8d49d8478820a693ab0a272e23d1
  .git/objects/ae/2b86346ae90df61cd452e41851aaf07a9809e5
  .git/objects/af/79f55305cb23fc59eaecf616fafa44e8686680
  .git/objects/af/db878d653af488553e6111ce6517b1dc50e0fb
  .git/objects/b0/e877d0ab92ddd82891157564e5d92408b1a0d0
  .git/objects/b1/063011b8d0478c938175e435a4de0fa75f2614
  .git/objects/b1/5bf239a65db2c71879040ca11430d12ee3e636
  .git/objects/b1/91354f8dd1a6b2bfcb67900cf54467ebfa5f80
  .git/objects/b2/9d824fb99931a06161320cbc519823ce4e1898
  .git/objects/b2/a482a68ddff4d6c20642fc0c5c233d2a7d3f2a
  .git/objects/b2/ec0bf8feb5c565dfec1fd6497c3a58ce0c3e38
  .git/objects/b3/c271caf4bbf1d966f2140c6c265eb09fa96643
  .git/objects/b3/e551a8cc39d78fafdb32f68ccbe329b7bd6814
  .git/objects/b3/eb0b2226034db8cf56c2346bca8c6a45ec2c7f
  .git/objects/b4/f26a3d760671fd38391d7446bf0ac36c4d6cb2
  .git/objects/b5/3d63d46ea4afd0726684cd8de8f9f4d9249892
  .git/objects/b5/9bef319ec251f4f9acc7b7e9e437124a74e639
  .git/objects/b5/da747eb975b48f46f944928742081b5111f460
  .git/objects/b6/06d1c8d164343f824f51f83379a88e1bdec37d
  .git/objects/b6/604b0b641738d6413ad79dad2f31a6a1b1864d
  .git/objects/b7/0b8f851badd21e71591552f600630fe593f2da
  .git/objects/b7/2a5c6b3c761ee5f37f6a7b5e675621247ac3aa
  .git/objects/b7/949e7a4d3052b7a40c5fd0f04a01bc7dd6a40d
  .git/objects/b8/2ef7fe78da4715edc7f87cd3b393677bbf3f36
  .git/objects/b8/4c43d5fe4b318c3e81c69d361bc443442e945b
  .git/objects/b8/4fd436c3a015aa6298a7361f0209ce8d872590
  .git/objects/b8/cca9e36119fa9a41f444dad6c52644c3e08c14
  .git/objects/b8/cddb78cd7b10d3382aba9fbcbaa68d1ba19618
  .git/objects/b9/8d0a984a6c8c47ee8809e2c7893c500561a7cd
  .git/objects/b9/dcdacc6d6e976f7209969503f01d81bd9311ca
  .git/objects/ba/21216e425199f388adf1237bc1c04b36b7c5b5
  .git/objects/ba/2a2d69008451e7af223499ef567d1330ec9830
  .git/objects/ba/dce4ff2c68204caef3c56ca7b2d2cf6ce7c344
  .git/objects/bc/360f4bf14ce26240f3e4b20e59a10d5d78f8ec
  .git/objects/bc/dcd59b7cda1a77f4b89fa958ec1440cd33116a
  .git/objects/bd/1c9c7c1cd542e9a69c0ed9bd9b37cfc6ad3ca7
  .git/objects/bd/453ea6324253d4dba07b5ee1677a3681824bb6
  .git/objects/bd/cbb38a240be676e069c23df440cf0b86a5b944
  .git/objects/be/0c37ac14630acb54ad3979cbc6d7d8561aebe7
  .git/objects/be/45c2b769924e576d035e9fcfbcf78fc1ff0a00
  .git/objects/be/d86a30c0d39052c570c82cb0232d78bb4f8b15
  .git/objects/bf/d610e8b577d8a100650bcdb8771fb643f4d1a6
  .git/objects/bf/dd58d8a0d61bb6655f6f02fd2040949d9fc22a
  .git/objects/c0/565b9beb43ff1119585821c285197b026234f0
  .git/objects/c0/6eb55ced7842d3f7988d94119a38ce58ee3a65
  .git/objects/c0/81a1d51654479333d17be9fc6850a5878ff6aa
  .git/objects/c0/be0d5711e4fac95ee11fe429bf0b31b88ad12d
  .git/objects/c0/cc09b0222b287076aa3fc82af05f70a2e2ab2d
  .git/objects/c1/0821bb15fbd62f9ab125616a2abeb3f613cf92
  .git/objects/c1/8f97673f53fad85d1a44221234f34e117a7cb3
  .git/objects/c1/b490e3cb0f4e04046749b71dcc2d7626b0672e
  .git/objects/c2/1fc92037adf74d814b2188d64a15c3e0e64d9d
  .git/objects/c2/309c01e90510f3a67b6167e34c3b09dc2154ff
  .git/objects/c2/446c85a7c98053ae3449d754e528acdb39439c
  .git/objects/c2/e60c451aa0a0b7e7bd42ed39510674c2e90bd2
  .git/objects/c2/e80c573741be7929a32c94f74075d4a504b47a
  .git/objects/c3/0b8f442de753df024c71315a104df17a677485
  .git/objects/c3/11c8c6bf5c89594b050940404a7efae88e8ae5
  .git/objects/c3/3e78c453963d86d17aa17ab27e06506c5bc2f5
  .git/objects/c3/984b816969aff49cdcc49100ee4ead8c3b4804
  .git/objects/c4/16bbe9f40b90981d19a0840ab1efb1022f8841
  .git/objects/c4/185c80e6f1b5dd9d25319bf655e87a477f4250
  .git/objects/c6/96bbdb696089d3bda30fb33590bed3a1be230c
  .git/objects/c6/bdfbdafcee8a89c13d0d631afcbde4042ab431
  .git/objects/c7/6d262de584f91c6c9324424b74bf7a5a65c1b9
  .git/objects/c7/dc9188f989a3f8898ffcf52993e8b7419e9b05
  .git/objects/c8/796ec1ce11349aaef06dadee6db185de1179a7
  .git/objects/c8/89a05a7c360a0fb192b1186938bb1a929a16b9
  .git/objects/c8/dde7f9d48cd22239c9cebef1785c774a956bac
  .git/objects/c9/4053c874b2c1bca16fddb4a688170185d9a296
  .git/objects/c9/891c6b65528682014c744cef0db8e5aad7f1c1
  .git/objects/c9/a23147bd961a8c8cf625140f1b8d6dfac79ff8
  .git/objects/c9/c0be403f9eaea3c76feb942ffcc71e3e0bd366
  .git/objects/ca/063073f92835748ae45e68815b84e9f5b8cf5f
  .git/objects/ca/1c52c3034aa902e19ffc5a90a97a510b7ba451
  .git/objects/cb/298a11c81d2bd2e5918d69cfde5ad4146bce8f
  .git/objects/cb/4773a3acf0da220cf543a7d125ef0b613fb6a8
  .git/objects/cb/ed8d51bb9ee5737394e10309e08a45fbc3aca6
  .git/objects/cc/7e0f4850dc2ee21140a9ac08e660c43d029596
  .git/objects/cd/5ddd00e9c8dea6c2b3f8572dce34f3579a1fa2
  .git/objects/cd/98e0eefabfd9733002494d3e48bd9e528d9156
  .git/objects/ce/711a2c8f9fddce1ec4908683edf89e4c462b67
  .git/objects/ce/f35999dd7f634604645b978383af25d0cbd4d8
  .git/objects/cf/da4a5237ef21e2847aae30260eec5a273a53e6
  .git/objects/d0/10fe13e975d639fcaa2a7c436949a67b197c52
  .git/objects/d0/7c4926949bf93949e9c97c0d75d0dc7ddbf841
  .git/objects/d0/d3fb28355d27e8ec44736c1255106094f8f405
  .git/objects/d1/469cb69ec97e6985c768692877692d8ad935a7
  .git/objects/d1/848d079bc09ba226eb8bed42549a2ae66b6291
  .git/objects/d1/95b785d9eb60d08a93e1d4f7dadcec5deaf15d
  .git/objects/d1/e804b135395edb4634ed2815bf78fde7b85550
  .git/objects/d2/a7d04a40fefe845352bf4f0b82fa51eed3ba7e
  .git/objects/d3/1b0d546d9341711996a402c020eb43d74cf916
  .git/objects/d3/bcf3a676b30d68d0e0f91a0da58ba367a41297
  .git/objects/d3/dcf29fc78f25b3b859928f4a54eb141e3f3bce
  .git/objects/d4/07ae66bd11fd6efb7095273a91a07cd04008ac
  .git/objects/d5/3dbaabb485f3bb8f18a03eb914929e250a7e5f
  .git/objects/d5/a634a7cbaf93aafb5fe9394da155549f8b31ed
  .git/objects/d5/d767bc883e41e0cac468e4a404288339163e63
  .git/objects/d6/284ad4e00fa8a6605df1f77fbab3680584208b
  .git/objects/d6/365fd422e993baf756c8cb12a9200797a3137f
  .git/objects/d6/44ccb0c9e5bdae0a7bd023e77527ea8f520be8
  .git/objects/d7/37660b3c6a8f5915ddf2ef26a027d516a86963
  .git/objects/d7/3d14c66bdd515e46b572eceb664a6b6d365438
  .git/objects/d7/8b0917670ea99f73b769f0e16bc4559d51f4c0
  .git/objects/d7/dd92fa82f228d1bf241815819fb84eb02595f7
  .git/objects/d8/f79b47d197754e8722e40bed0e7790abb81971
  .git/objects/d9/0b16954686fccbec37df77dc0194153d271c1d
  .git/objects/d9/21134e97381d13bc31f7a9d62bd7b962a748ac
  .git/objects/d9/3480cb315b332b031e4ec3ec9b0e5dec87fa3c
  .git/objects/d9/b869e86800d75bf144680ef2d38c066dbd7ca4
  .git/objects/da/1da508d3d34f3e8803bebf739f917b76a045f0
  .git/objects/da/d1c28831cadb635fd64dd07086cf86bcaea243
  .git/objects/db/096a15b6a0329d2068eb88c8187b1b6c9c1588
  .git/objects/db/578287ce671611a5d8861a8f378f19f050611f
  .git/objects/db/c1eb0fc67a5e9d6104064255c212344b40982a
  .git/objects/dc/4d560a6389fa9e6e874b6cf4debc967b67af81
  .git/objects/dc/fac8abc73e373c857c315ca5909a5226b176d0
  .git/objects/de/18ca262ec7a7d47f79406620fa6a5580b08b42
  .git/objects/de/e59bd7bbc6c86c1399a4db97e61092b45b2557
  .git/objects/df/aed4f81faec91e570c3a410496193b57090f4f
  .git/objects/e0/0cc5b150ae38639937d279ffe5641d380fa2fa
  .git/objects/e0/f8780c4bb2b509ef638f909d7b1d78f39f8525
  .git/objects/e1/1a88a2010d61696ba1d4fe5a30d0edfc563102
  .git/objects/e1/1f3d77379f6efb36cd2c94e61d490f45cf507f
  .git/objects/e1/3c4051c628032d1f64b5a07f04873c335e742a
  .git/objects/e1/74b443416cf2c53e9be86ddcba40c816dc098e
  .git/objects/e1/ab313f1fb7e6458f0edd9bb7859733ae8d53af
  .git/objects/e2/025ed7a639947272a3d2106212076635af8817
  .git/objects/e2/d23dad1ae8802c654b65f2f8488985e9e58d33
  .git/objects/e3/2a00d058dad659549eb02654850b2ec3d34ff7
  .git/objects/e3/cfe8b44ea2d158975152fbac645b7e02efa329
  .git/objects/e4/20daf38d60f2d51e8e9ed00d500a84c7c7f75d
  .git/objects/e4/e8b7900e3843a9ce435b41637cdb5ffe2ed9c8
  .git/objects/e5/19e417bb966c6b2154705e3a31a3c3f0f6898c
  .git/objects/e5/59f481b84e548dca423c6cb2c37a5d5aa1b7e5
  .git/objects/e5/877e2e2d1b5df344f6d2bf55eb191011001065
  .git/objects/e5/96f66c23235d5b615b69cd29009308e944d792
  .git/objects/e5/b5e61f92fff8f108cf16e576a353ae21a238e7
  .git/objects/e5/b92118d875f964961856c538c7003a3976f633
  .git/objects/e6/0db4a21c0fba36ff8db5de726b9f9f1eec53c1
  .git/objects/e6/9de29bb2d1d6434b8b29ae775ad8c2e48c5391
  .git/objects/e6/e4847b63ef51bf9b276bf85ac31361bce7a436
  .git/objects/e6/f2599e0204db2d36a1d15dad68e3e237a602cd
  .git/objects/e7/02e153da94d3e355efb8eb5a3bee6a63cd9fd5
  .git/objects/e7/305802d8a71d6bb62201802cb7fed121029b62
  .git/objects/e7/54081d7676cdf3062861a031d97e4ddd92bdc1
  .git/objects/e7/78a78b141e8786ad713d4a593bd57d7a48b6e5
  .git/objects/e7/9cd2ca82f5105da00536eea1a90bb2e7c8f0a8
  .git/objects/e7/a19057f71dd8f76b4c2370fbb9a5a12b24337a
  .git/objects/e7/af12056d6fd29f32a3f0df2c151164bd989e88
  .git/objects/e7/fc872e40f40fed11f3a75fafaced06dac31ba9
  .git/objects/e8/c77420d26178186c7477319cf3149061ed100f
  .git/objects/e9/26bc4b4ebb514fbc3876eb835d8e2b6b128f09
  .git/objects/e9/417bac91f62526f71654093b8dabebea87b48f
  .git/objects/e9/4845a621017fc388a264619ba41aa04a4f66c8
  .git/objects/e9/500663d70d0e358885dc53f321b5ad872057b7
  .git/objects/e9/5ca8691219e763e20ae3f2dfdb7599fba6841d
  .git/objects/e9/e4f7fe897bb532660d58b5c4d1b61c6c73266f
  .git/objects/ea/645cb0c3f6405c70cd269cbac16052c4551647
  .git/objects/eb/19d06b81bebdef75fcad6b5b16036e4a5b12af
  .git/objects/eb/5191036cb03d1968dc609466a6f8b0a582899d
  .git/objects/eb/6486388cc59a07386f8008c4f924ba41a42277
  .git/objects/ec/2f1dabed80781e8ab711ecbe041480713da75c
  .git/objects/ec/a434ae81d19e978054db232ecbe9fef6f7a4e1
  .git/objects/ed/9fb3c805ab62ee62a34753d3caead741125f34
  .git/objects/ed/b6316ee0942ed56c8b9c702634e97b7956cde9
  .git/objects/ee/37c53966b78806d524ef0d336b3e995a101306
  .git/objects/ee/5dcf00433acc45bae9124fcc35871aa2d5b5b0
  .git/objects/ee/5ef1fabfb9ab49c2855500489f68099e4b461b
  .git/objects/ee/9071990c9df1a8ebce90de9c79bccab3536c71
  .git/objects/ee/a6e2ac3be723a6bead1db1d027d6fb6f66ea81
  .git/objects/ee/e6ab12267bfda0a2c75d0d8eca5252d48010fa
  .git/objects/ef/4e140b7243833fe2300486145730982415671e
  .git/objects/f0/139233aa97dc8c09a43b56b2aa006128ebcd84
  .git/objects/f0/2de5b167717b777e4077d54c5f753f39831880
  .git/objects/f0/359b4cd011f3070e5cadeb45b0ecaddc00d775
  .git/objects/f0/9f73fe81651b173c9aae81b66e4f164a869b78
  .git/objects/f1/495fcf9871f45f98b4e905a8b20f8378c2f436
  .git/objects/f3/3bf0bc08e69b6ab3142e93bfc99299a7f054c3
  .git/objects/f3/488911ab6af736ae7feb3d7760cbb4cca4c359
  .git/objects/f3/4ea74517a0d563bbadc45d0349dc66dc475853
  .git/objects/f3/d6f5187610ec159a015e2aff5226d1457d4006
  .git/objects/f3/d99ed0de02f1d145d2bd34308904cc582b4066
  .git/objects/f4/18b9e98da485e43b3773d3bc1a0f24f51b12e8
  .git/objects/f4/802bee38292ff73794aa3b7949c797436a05e7
  .git/objects/f4/8dd1d98e65b3037adfe281a659106ae02bdc0a
  .git/objects/f4/dfc917c6315cf6ef176a7eb560fd200df9cb13
  .git/objects/f5/374059498653a86184801bff0b3353c10752d9
  .git/objects/f5/68bf1892f5e5725cd7d490c0d694ae630e34ee
  .git/objects/f5/8f4b144ff30b4538ff9494b4042944bdf22e28
  .git/objects/f5/941cc8b0e4912e0e5748d03421fab8cb82da8f
  .git/objects/f6/0da2911780f03a1190d3e3bbd6d7a693cde9db
  .git/objects/f6/dd8b10adbaa7aed51c522bb8bdf641c7b6deb7
  .git/objects/f7/0ca84dd44893bbca4202eaf95742881172bbd9
  .git/objects/f8/126745fb41bc840b65b1eef4f6f4815c6aba5d
  .git/objects/f8/53870230eb7c31e5bc40965f9f7cef8b80e3f5
  .git/objects/f8/9f0a5a0507189719b7c56c4591ff24f94a4990
  .git/objects/f9/2bd01c284c0c10cd1ab82eb6ad0d3af824bd82
  .git/objects/fc/bfa168180a7fce9aac0b6d7b07dfd350abd859
  .git/objects/fc/dee1553bb767a80b3bbaa00d8a2287becef2a2
  .git/objects/fc/f5aa6f6410e83867926ab89235defa6119171d
  .git/objects/fc/fe87a06ff3fafeab4b34a406e3d7c7fe0d4803
  .git/objects/fd/26851780d9176451a08cb2926784d6419bb589
  .git/objects/fd/3430e73ca91036059065f62f8936b6eedd7f82
  .git/objects/fd/74a9daa9b262644f417a4c2b13b15026f146c8
  .git/objects/fd/9f3f7edb6b3381f2d3cc48222e574d8e7bfcce
  .git/objects/fd/ce1fd37cc83d6b5c420742f4147fabc52209c5
  .git/objects/fd/e8e0feff217801f8f38620f6e5e587d9a512c4
  .git/objects/fe/2cef82c79509070245e6f0da7f0b838c164b56
  .git/objects/fe/95a3a3b88ad46d63f97fc6628b46c66af9dbf5
  .git/objects/fe/a778a7d8ff72bb5176c56e7090f860126670cf
  .git/objects/fe/c0bc37f644d4c8eebe8830e8c91e5cf91fe124
  .git/objects/fe/d8c4445338ec6ebe6dddb27249a5bfc07063f7
  .git/objects/ff/0921d3dcabf890563da050d9307fdea7f8ecfe
  .git/objects/ff/7f2e253c98f123e2e78de6de7a3a834b63511b
  .git/objects/ff/c4509b6b25c111372ced70cfb03bd1efca6bf3
Source packages should not contain undeclared executable files.
See section ‘Package structure’ in the ‘Writing R Extensions’ manual.
* checking for hidden files and directories ... NOTE
Found the following hidden files and directories:
  .DS_Store
  .RData
  .Rhistory
  .gitignore
  .travis.yml
  .travis.yml.swp
  R/.DS_Store
  ..Rcheck
  .Rd2pdf3221
  .Rproj.user
  .git
These were most likely included in error. See section ‘Package
structure’ in the ‘Writing R Extensions’ manual.
* checking for portable file names ... OK
* checking for sufficient/correct file permissions ... OK
* checking whether package ‘Autotuner’ can be installed ... OK
* checking installed package size ... OK
* checking package directory ... OK
* checking DESCRIPTION meta-information ... NOTE
Checking should be performed on sources prepared by ‘R CMD build’.
* checking top-level files ... OK
* checking for left-over files ... OK
* checking index information ... OK
* checking package subdirectories ... WARNING
Found the following directory with the name of a check directory:
  ./..Rcheck
Most likely, these were included erroneously.
Found the following directory with the name of a Rd2pdf directory:
  ./.Rd2pdf3221
Most likely, these were included erroneously.
* checking R files for non-ASCII characters ... OK
* checking R files for syntax errors ... OK
* checking whether the package can be loaded ... OK
* checking whether the package can be loaded with stated dependencies ... OK
* checking whether the package can be unloaded cleanly ... OK
* checking whether the namespace can be loaded with stated dependencies ... OK
* checking whether the namespace can be unloaded cleanly ... OK
* checking dependencies in R code ... NOTE
Namespaces in Imports field not imported from:
  ‘devtools’ ‘mmetspData’ ‘mzR’ ‘plyr’
  All declared Imports should be used.
* checking S3 generic/method consistency ... OK
* checking replacement functions ... OK
* checking foreign function calls ... OK
* checking R code for possible problems ... OK
* checking Rd files ... OK
* checking Rd metadata ... OK
* checking Rd cross-references ... OK
* checking for missing documentation entries ... WARNING
Undocumented code objects:
  ‘header’ ‘mzDb’ ‘observedPeak’ ‘peak_difference’ ‘peak_table’
Undocumented data sets:
  ‘header’ ‘mzDb’ ‘observedPeak’ ‘peak_difference’ ‘peak_table’
All user-level objects in a package should have documentation entries.
See chapter ‘Writing R documentation files’ in the ‘Writing R
Extensions’ manual.
* checking for code/documentation mismatches ... OK
* checking Rd \usage sections ... OK
* checking Rd contents ... OK
* checking for unstated dependencies in examples ... OK
* checking contents of ‘data’ directory ... OK
* checking data for non-ASCII characters ... OK
* checking data for ASCII and uncompressed saves ... OK
* checking examples ... NONE
* checking for unstated dependencies in ‘tests’ ... OK
* checking tests ... OK
  Running ‘testthat.R’
* checking PDF version of manual ... WARNING
LaTeX errors when creating PDF version.
This typically indicates Rd problems.
* checking PDF version of manual without hyperrefs or index ... ERROR
Re-running with no redirection of stdout/stderr.
* DONE
Status: 1 ERROR, 4 WARNINGs, 3 NOTEs
