* installing *source* package ‘Autotuner’ ...
** R
** data
*** moving datasets to lazyload DB
** inst
** byte-compile and prepare package for lazy loading
Warning in fun(libname, pkgname) :
  mzR has been built against a different Rcpp version (1.0.0)
than is installed on your system (1.0.1). This might lead to errors
when loading mzR. If you encounter such issues, please send a report,
including the output of sessionInfo() to the Bioc support forum at 
https://support.bioconductor.org/. For details see also
https://github.com/sneumann/mzR/wiki/mzR-Rcpp-compiler-linker-issue.
** help
*** installing help indices
** building package indices
** testing if installed package can be loaded
During startup - Warning message:
In fun(libname, pkgname) :
  mzR has been built against a different Rcpp version (1.0.0)
than is installed on your system (1.0.1). This might lead to errors
when loading mzR. If you encounter such issues, please send a report,
including the output of sessionInfo() to the Bioc support forum at 
https://support.bioconductor.org/. For details see also
https://github.com/sneumann/mzR/wiki/mzR-Rcpp-compiler-linker-issue.
* DONE (Autotuner)
